<?xml version="1.0" encoding="UTF-8"?>
<!-- Generated by org.testng.reporters.JUnitReportReporter -->
<testsuite hostname="One_Punch" failures="0" tests="3" name="com.iagami.shopperstack.tests.ShopperStackAddressTest" time="1.743" errors="0" timestamp="2025-06-03T11:01:36 IST" skipped="0">
  <testcase classname="com.iagami.shopperstack.tests.ShopperStackAddressTest" name="getSingleAddress" time="0.548"/>
  <testcase classname="com.iagami.shopperstack.tests.ShopperStackAddressTest" name="getAllAddress" time="0.573"/>
  <testcase classname="com.iagami.shopperstack.tests.ShopperStackAddressTest" name="addNewAddress" time="0.622"/>
</testsuite> <!-- com.iagami.shopperstack.tests.ShopperStackAddressTest -->
