<?xml version="1.0" encoding="UTF-8"?>
<!-- Generated by org.testng.reporters.JUnitReportReporter -->
<testsuite hostname="One_Punch" failures="0" tests="5" name="com.iagami.shopperstack.tests.ShopperStackProfileTest" time="8.154" errors="0" timestamp="2025-05-30T17:34:59 IST" skipped="0">
  <testcase classname="com.iagami.shopperstack.tests.ShopperStackProfileTest" name="ordertheProductTest" time="0.622"/>
  <testcase classname="com.iagami.shopperstack.tests.ShopperStackProfileTest" name="addToCart" time="0.681"/>
  <testcase classname="com.iagami.shopperstack.tests.ShopperStackProfileTest" name="loginForUser" time="5.341"/>
  <testcase classname="com.iagami.shopperstack.tests.ShopperStackProfileTest" name="updateTheOrder" time="0.755"/>
  <testcase classname="com.iagami.shopperstack.tests.ShopperStackProfileTest" name="getOrderHistory" time="0.755"/>
</testsuite> <!-- com.iagami.shopperstack.tests.ShopperStackProfileTest -->
