<?xml version="1.0" encoding="UTF-8"?>
<!-- Generated by org.testng.reporters.JUnitReportReporter -->
<testsuite hostname="One_Punch" failures="0" tests="4" name="com.iagami.shopperstack.tests.ShopperStackCartTest" time="2.364" errors="0" timestamp="2025-06-03T11:01:36 IST" skipped="0">
  <testcase classname="com.iagami.shopperstack.tests.ShopperStackCartTest" name="getAllCart" time="0.540"/>
  <testcase classname="com.iagami.shopperstack.tests.ShopperStackCartTest" name="addToCart" time="0.601"/>
  <testcase classname="com.iagami.shopperstack.tests.ShopperStackCartTest" name="deleteCart" time="0.619"/>
  <testcase classname="com.iagami.shopperstack.tests.ShopperStackCartTest" name="updateTheAddedCart" time="0.604"/>
</testsuite> <!-- com.iagami.shopperstack.tests.ShopperStackCartTest -->
