<?xml version="1.0" encoding="UTF-8"?>
<!-- Generated by org.testng.reporters.JUnitReportReporter -->
<testsuite hostname="One_Punch" failures="0" tests="5" name="com.iagami.shopperstack.tests.ShopperStackOrderTest" time="2.870" errors="0" timestamp="2025-06-03T11:01:36 IST" skipped="0">
  <testcase classname="com.iagami.shopperstack.tests.ShopperStackOrderTest" name="updateTheOrder" time="0.568"/>
  <testcase classname="com.iagami.shopperstack.tests.ShopperStackOrderTest" name="getOrderHistory" time="0.513"/>
  <testcase classname="com.iagami.shopperstack.tests.ShopperStackOrderTest" name="addToCart" time="0.641"/>
  <testcase classname="com.iagami.shopperstack.tests.ShopperStackOrderTest" name="getInvoice" time="0.545"/>
  <testcase classname="com.iagami.shopperstack.tests.ShopperStackOrderTest" name="ordertheProductTest" time="0.603"/>
</testsuite> <!-- com.iagami.shopperstack.tests.ShopperStackOrderTest -->
