<?xml version="1.0" encoding="UTF-8"?>
<!-- Generated by org.testng.reporters.JUnitReportReporter -->
<testsuite hostname="One_Punch" failures="0" tests="6" name="com.iagami.shopperstack.tests.ShopperStackAProfileTest" time="9.190" errors="0" timestamp="2025-06-03T11:01:36 IST" skipped="0">
  <testcase classname="com.iagami.shopperstack.tests.ShopperStackAProfileTest" name="loginForUser" time="0.807"/>
  <testcase classname="com.iagami.shopperstack.tests.ShopperStackAProfileTest" name="updateTheUserDeatils" time="0.641"/>
  <testcase classname="com.iagami.shopperstack.tests.ShopperStackAProfileTest" name="getHomePageProductView" time="2.071"/>
  <testcase classname="com.iagami.shopperstack.tests.ShopperStackAProfileTest" name="getWelcomePageProductView" time="1.778"/>
  <testcase classname="com.iagami.shopperstack.tests.ShopperStackAProfileTest" name="registerForShopper" time="3.216"/>
  <testcase classname="com.iagami.shopperstack.tests.ShopperStackAProfileTest" name="getShopperDatabyShopperId" time="0.677"/>
</testsuite> <!-- com.iagami.shopperstack.tests.ShopperStackAProfileTest -->
