<?xml version="1.0" encoding="UTF-8"?>
<!-- Generated by org.testng.reporters.JUnitReportReporter -->
<testsuite hostname="One_Punch" failures="0" tests="3" name="com.iagami.shopperstack.tests.ShopperstackWishListTest" time="1.718" errors="0" timestamp="2025-06-03T11:01:36 IST" skipped="0">
  <testcase classname="com.iagami.shopperstack.tests.ShopperstackWishListTest" name="addProductToWishList" time="0.589"/>
  <testcase classname="com.iagami.shopperstack.tests.ShopperstackWishListTest" name="deleteProductToWishList" time="0.562"/>
  <testcase classname="com.iagami.shopperstack.tests.ShopperstackWishListTest" name="getProductToWishList" time="0.567"/>
</testsuite> <!-- com.iagami.shopperstack.tests.ShopperstackWishListTest -->
